# JRE version: OpenJDK Runtime Environment (11.0.11+9) (build 11.0.11+9-Ubuntu-0ubuntu2.20.04)
# Java VM: OpenJDK 64-Bit Server VM (11.0.11+9-Ubuntu-0ubuntu2.20.04, mixed mode, sharing, tiered, compressed oops, g1 gc, linux-amd64)
Heap:
 garbage-first heap   total 765952K, used 136857K [0x000000060ca00000, 0x0000000800000000)
  region size 2048K, 64 young (131072K), 6 survivors (12288K)
 Metaspace       used 51941K, capacity 53366K, committed 53632K, reserved 1095680K
  class space    used 6864K, capacity 7473K, committed 7552K, reserved 1048576K
GC Heap History (14 events):
Event: 0,570 GC heap before
{Heap before GC invocations=0 (full 0):
 garbage-first heap   total 516096K, used 23240K [0x000000060ca00000, 0x0000000800000000)
  region size 2048K, 12 young (24576K), 0 survivors (0K)
 Metaspace       used 4063K, capacity 6389K, committed 6656K, reserved 1056768K
  class space    used 428K, capacity 641K, committed 768K, reserved 1048576K
}
Event: 0,590 GC heap after
{Heap after GC invocations=1 (full 0):
 garbage-first heap   total 516096K, used 7951K [0x000000060ca00000, 0x0000000800000000)
  region size 2048K, 2 young (4096K), 2 survivors (4096K)
 Metaspace       used 4063K, capacity 6389K, committed 6656K, reserved 1056768K
  class space    used 428K, capacity 641K, committed 768K, reserved 1048576K
}
Event: 1,013 GC heap before
{Heap before GC invocations=1 (full 0):
 garbage-first heap   total 516096K, used 28431K [0x000000060ca00000, 0x0000000800000000)
  region size 2048K, 12 young (24576K), 2 survivors (4096K)
 Metaspace       used 8221K, capacity 9327K, committed 9472K, reserved 1056768K
  class space    used 1041K, capacity 1232K, committed 1280K, reserved 1048576K
}
Event: 1,026 GC heap after
{Heap after GC invocations=2 (full 0):
 garbage-first heap   total 516096K, used 9543K [0x000000060ca00000, 0x0000000800000000)
  region size 2048K, 1 young (2048K), 1 survivors (2048K)
 Metaspace       used 8221K, capacity 9327K, committed 9472K, reserved 1056768K
  class space    used 1041K, capacity 1232K, committed 1280K, reserved 1048576K
}
Event: 1,460 GC heap before
{Heap before GC invocations=2 (full 0):
 garbage-first heap   total 516096K, used 56647K [0x000000060ca00000, 0x0000000800000000)
  region size 2048K, 24 young (49152K), 1 survivors (2048K)
 Metaspace       used 17042K, capacity 17650K, committed 18048K, reserved 1064960K
  class space    used 2084K, capacity 2315K, committed 2432K, reserved 1048576K
}
Event: 1,484 GC heap after
{Heap after GC invocations=3 (full 0):
 garbage-first heap   total 516096K, used 12196K [0x000000060ca00000, 0x0000000800000000)
  region size 2048K, 2 young (4096K), 2 survivors (4096K)
 Metaspace       used 17042K, capacity 17650K, committed 18048K, reserved 1064960K
  class space    used 2084K, capacity 2315K, committed 2432K, reserved 1048576K
}
Event: 1,825 GC heap before
{Heap before GC invocations=3 (full 0):
 garbage-first heap   total 516096K, used 77732K [0x000000060ca00000, 0x0000000800000000)
  region size 2048K, 35 young (71680K), 2 survivors (4096K)
 Metaspace       used 20244K, capacity 21001K, committed 21248K, reserved 1067008K
  class space    used 2462K, capacity 2723K, committed 2816K, reserved 1048576K
}
Event: 1,831 GC heap after
{Heap after GC invocations=4 (full 0):
 garbage-first heap   total 516096K, used 14170K [0x000000060ca00000, 0x0000000800000000)
  region size 2048K, 3 young (6144K), 3 survivors (6144K)
 Metaspace       used 20244K, capacity 21001K, committed 21248K, reserved 1067008K
  class space    used 2462K, capacity 2723K, committed 2816K, reserved 1048576K
}
Event: 1,871 GC heap before
{Heap before GC invocations=4 (full 0):
 garbage-first heap   total 516096K, used 16218K [0x000000060ca00000, 0x0000000800000000)
  region size 2048K, 5 young (10240K), 3 survivors (6144K)
 Metaspace       used 20426K, capacity 21106K, committed 21248K, reserved 1067008K
  class space    used 2485K, capacity 2757K, committed 2816K, reserved 1048576K
}
Event: 1,882 GC heap after
{Heap after GC invocations=5 (full 0):
 garbage-first heap   total 765952K, used 14761K [0x000000060ca00000, 0x0000000800000000)
  region size 2048K, 4 young (8192K), 4 survivors (8192K)
 Metaspace       used 20426K, capacity 21106K, committed 21248K, reserved 1067008K
  class space    used 2485K, capacity 2757K, committed 2816K, reserved 1048576K
}
Event: 2,943 GC heap before
{Heap before GC invocations=6 (full 0):
 garbage-first heap   total 765952K, used 100777K [0x000000060ca00000, 0x0000000800000000)
  region size 2048K, 46 young (94208K), 4 survivors (8192K)
 Metaspace       used 29999K, capacity 31133K, committed 31360K, reserved 1077248K
  class space    used 3756K, capacity 4223K, committed 4224K, reserved 1048576K
}
Event: 2,957 GC heap after
{Heap after GC invocations=7 (full 0):
 garbage-first heap   total 765952K, used 18698K [0x000000060ca00000, 0x0000000800000000)
  region size 2048K, 6 young (12288K), 6 survivors (12288K)
 Metaspace       used 29999K, capacity 31133K, committed 31360K, reserved 1077248K
  class space    used 3756K, capacity 4223K, committed 4224K, reserved 1048576K
}
Event: 3,477 GC heap before
{Heap before GC invocations=7 (full 0):
 garbage-first heap   total 765952K, used 102666K [0x000000060ca00000, 0x0000000800000000)
  region size 2048K, 49 young (100352K), 6 survivors (12288K)
 Metaspace       used 34466K, capacity 35647K, committed 35840K, reserved 1081344K
  class space    used 4342K, capacity 4831K, committed 4864K, reserved 1048576K
}
Event: 3,500 GC heap after
{Heap after GC invocations=8 (full 0):
 garbage-first heap   total 765952K, used 20121K [0x000000060ca00000, 0x0000000800000000)
  region size 2048K, 6 young (12288K), 6 survivors (12288K)
 Metaspace       used 34466K, capacity 35647K, committed 35840K, reserved 1081344K
  class space    used 4342K, capacity 4831K, committed 4864K, reserved 1048576K
}

