# JRE version: OpenJDK Runtime Environment (11.0.11+9) (build 11.0.11+9-Ubuntu-0ubuntu2.20.04)
# Java VM: OpenJDK 64-Bit Server VM (11.0.11+9-Ubuntu-0ubuntu2.20.04, mixed mode, sharing, tiered, compressed oops, g1 gc, linux-amd64)
Heap:
 garbage-first heap   total 516096K, used 82028K [0x000000060ca00000, 0x0000000800000000)
  region size 2048K, 38 young (77824K), 4 survivors (8192K)
 Metaspace       used 27360K, capacity 28311K, committed 28416K, reserved 1073152K
  class space    used 3437K, capacity 3837K, committed 3840K, reserved 1048576K
GC Heap History (6 events):
Event: 0,498 GC heap before
{Heap before GC invocations=0 (full 0):
 garbage-first heap   total 516096K, used 23240K [0x000000060ca00000, 0x0000000800000000)
  region size 2048K, 12 young (24576K), 0 survivors (0K)
 Metaspace       used 4044K, capacity 6389K, committed 6656K, reserved 1056768K
  class space    used 429K, capacity 641K, committed 768K, reserved 1048576K
}
Event: 0,509 GC heap after
{Heap after GC invocations=1 (full 0):
 garbage-first heap   total 516096K, used 8102K [0x000000060ca00000, 0x0000000800000000)
  region size 2048K, 2 young (4096K), 2 survivors (4096K)
 Metaspace       used 4044K, capacity 6389K, committed 6656K, reserved 1056768K
  class space    used 429K, capacity 641K, committed 768K, reserved 1048576K
}
Event: 1,640 GC heap before
{Heap before GC invocations=1 (full 0):
 garbage-first heap   total 516096K, used 94118K [0x000000060ca00000, 0x0000000800000000)
  region size 2048K, 45 young (92160K), 2 survivors (4096K)
 Metaspace       used 18859K, capacity 19581K, committed 19840K, reserved 1067008K
  class space    used 2314K, capacity 2592K, committed 2688K, reserved 1048576K
}
Event: 1,651 GC heap after
{Heap after GC invocations=2 (full 0):
 garbage-first heap   total 516096K, used 13228K [0x000000060ca00000, 0x0000000800000000)
  region size 2048K, 5 young (10240K), 5 survivors (10240K)
 Metaspace       used 18859K, capacity 19581K, committed 19840K, reserved 1067008K
  class space    used 2314K, capacity 2592K, committed 2688K, reserved 1048576K
}
Event: 1,872 GC heap before
{Heap before GC invocations=2 (full 0):
 garbage-first heap   total 516096K, used 62380K [0x000000060ca00000, 0x0000000800000000)
  region size 2048K, 31 young (63488K), 5 survivors (10240K)
 Metaspace       used 20410K, capacity 21115K, committed 21248K, reserved 1067008K
  class space    used 2487K, capacity 2760K, committed 2816K, reserved 1048576K
}
Event: 1,884 GC heap after
{Heap after GC invocations=3 (full 0):
 garbage-first heap   total 516096K, used 14444K [0x000000060ca00000, 0x0000000800000000)
  region size 2048K, 4 young (8192K), 4 survivors (8192K)
 Metaspace       used 20410K, capacity 21115K, committed 21248K, reserved 1067008K
  class space    used 2487K, capacity 2760K, committed 2816K, reserved 1048576K
}

