# JRE version: OpenJDK Runtime Environment (11.0.11+9) (build 11.0.11+9-Ubuntu-0ubuntu2.20.04)
# Java VM: OpenJDK 64-Bit Server VM (11.0.11+9-Ubuntu-0ubuntu2.20.04, mixed mode, sharing, tiered, compressed oops, g1 gc, linux-amd64)
Heap:
 garbage-first heap   total 651264K, used 22804K [0x000000060ca00000, 0x0000000800000000)
  region size 2048K, 9 young (18432K), 7 survivors (14336K)
 Metaspace       used 34959K, capacity 36127K, committed 36428K, reserved 1081344K
  class space    used 4448K, capacity 4927K, committed 4940K, reserved 1048576K
GC Heap History (12 events):
Event: 0,541 GC heap before
{Heap before GC invocations=0 (full 0):
 garbage-first heap   total 516096K, used 23240K [0x000000060ca00000, 0x0000000800000000)
  region size 2048K, 12 young (24576K), 0 survivors (0K)
 Metaspace       used 4091K, capacity 6389K, committed 6656K, reserved 1056768K
  class space    used 433K, capacity 641K, committed 768K, reserved 1048576K
}
Event: 0,554 GC heap after
{Heap after GC invocations=1 (full 0):
 garbage-first heap   total 516096K, used 8293K [0x000000060ca00000, 0x0000000800000000)
  region size 2048K, 2 young (4096K), 2 survivors (4096K)
 Metaspace       used 4091K, capacity 6389K, committed 6656K, reserved 1056768K
  class space    used 433K, capacity 641K, committed 768K, reserved 1048576K
}
Event: 1,152 GC heap before
{Heap before GC invocations=1 (full 0):
 garbage-first heap   total 516096K, used 51301K [0x000000060ca00000, 0x0000000800000000)
  region size 2048K, 23 young (47104K), 2 survivors (4096K)
 Metaspace       used 12034K, capacity 12673K, committed 13056K, reserved 1060864K
  class space    used 1500K, capacity 1696K, committed 1792K, reserved 1048576K
}
Event: 1,161 GC heap after
{Heap after GC invocations=2 (full 0):
 garbage-first heap   total 516096K, used 10559K [0x000000060ca00000, 0x0000000800000000)
  region size 2048K, 2 young (4096K), 2 survivors (4096K)
 Metaspace       used 12034K, capacity 12673K, committed 13056K, reserved 1060864K
  class space    used 1500K, capacity 1696K, committed 1792K, reserved 1048576K
}
Event: 1,604 GC heap before
{Heap before GC invocations=2 (full 0):
 garbage-first heap   total 516096K, used 63807K [0x000000060ca00000, 0x0000000800000000)
  region size 2048K, 29 young (59392K), 2 survivors (4096K)
 Metaspace       used 18865K, capacity 19582K, committed 19840K, reserved 1067008K
  class space    used 2318K, capacity 2592K, committed 2688K, reserved 1048576K
}
Event: 1,614 GC heap after
{Heap after GC invocations=3 (full 0):
 garbage-first heap   total 516096K, used 13256K [0x000000060ca00000, 0x0000000800000000)
  region size 2048K, 3 young (6144K), 3 survivors (6144K)
 Metaspace       used 18865K, capacity 19582K, committed 19840K, reserved 1067008K
  class space    used 2318K, capacity 2592K, committed 2688K, reserved 1048576K
}
Event: 1,841 GC heap before
{Heap before GC invocations=3 (full 0):
 garbage-first heap   total 516096K, used 54216K [0x000000060ca00000, 0x0000000800000000)
  region size 2048K, 25 young (51200K), 3 survivors (6144K)
 Metaspace       used 20509K, capacity 21180K, committed 21248K, reserved 1067008K
  class space    used 2497K, capacity 2760K, committed 2816K, reserved 1048576K
}
Event: 1,849 GC heap after
{Heap after GC invocations=4 (full 0):
 garbage-first heap   total 516096K, used 14771K [0x000000060ca00000, 0x0000000800000000)
  region size 2048K, 4 young (8192K), 4 survivors (8192K)
 Metaspace       used 20509K, capacity 21180K, committed 21248K, reserved 1067008K
  class space    used 2497K, capacity 2760K, committed 2816K, reserved 1048576K
}
Event: 3,387 GC heap before
{Heap before GC invocations=5 (full 0):
 garbage-first heap   total 516096K, used 184755K [0x000000060ca00000, 0x0000000800000000)
  region size 2048K, 88 young (180224K), 4 survivors (8192K)
 Metaspace       used 34487K, capacity 35647K, committed 35840K, reserved 1081344K
  class space    used 4352K, capacity 4831K, committed 4864K, reserved 1048576K
}
Event: 3,399 GC heap after
{Heap after GC invocations=6 (full 0):
 garbage-first heap   total 651264K, used 20157K [0x000000060ca00000, 0x0000000800000000)
  region size 2048K, 6 young (12288K), 6 survivors (12288K)
 Metaspace       used 34487K, capacity 35647K, committed 35840K, reserved 1081344K
  class space    used 4352K, capacity 4831K, committed 4864K, reserved 1048576K
}
Event: 3,402 GC heap before
{Heap before GC invocations=6 (full 0):
 garbage-first heap   total 651264K, used 20157K [0x000000060ca00000, 0x0000000800000000)
  region size 2048K, 7 young (14336K), 6 survivors (12288K)
 Metaspace       used 34522K, capacity 35647K, committed 35840K, reserved 1081344K
  class space    used 4359K, capacity 4831K, committed 4864K, reserved 1048576K
}
Event: 3,417 GC heap after
{Heap after GC invocations=7 (full 0):
 garbage-first heap   total 651264K, used 20756K [0x000000060ca00000, 0x0000000800000000)
  region size 2048K, 7 young (14336K), 7 survivors (14336K)
 Metaspace       used 34522K, capacity 35647K, committed 35840K, reserved 1081344K
  class space    used 4359K, capacity 4831K, committed 4864K, reserved 1048576K
}

